<?xml version="1.0" encoding="UTF-8"?>
<!-- Generated by org.testng.reporters.JUnitXMLReporter -->
<testsuite ignored="0" hostname="LAPTOP-GADLNPHV" failures="0" tests="3" name="ChromeTest" time="9.688" errors="0" timestamp="2025-12-31T14:02:24 IST">
  <testcase classname="day45parameterization.ParamTest" name="testlogo" time="0.044"/>
  <testcase classname="day45parameterization.ParamTest" name="testTitle" time="0.009"/>
  <testcase classname="day45parameterization.ParamTest" name="testURL" time="0.015"/>
</testsuite> <!-- ChromeTest -->
