<?xml version="1.0" encoding="UTF-8"?>
<!-- Generated by org.testng.reporters.JUnitXMLReporter -->
<testsuite ignored="0" hostname="LAPTOP-GADLNPHV" failures="0" tests="3" name="EdgeTest" time="10.241" errors="0" timestamp="2025-12-31T14:02:24 IST">
  <testcase classname="day45parameterization.ParamTest" name="testlogo" time="0.032"/>
  <testcase classname="day45parameterization.ParamTest" name="testTitle" time="0.01"/>
  <testcase classname="day45parameterization.ParamTest" name="testURL" time="0.006"/>
</testsuite> <!-- EdgeTest -->
