<?xml version="1.0" encoding="UTF-8"?>
<!-- Generated by org.testng.reporters.JUnitXMLReporter -->
<testsuite ignored="0" hostname="LAPTOP-GADLNPHV" failures="0" tests="3" name="FirefoxTest" time="14.31" errors="0" timestamp="2025-12-31T14:02:29 IST">
  <testcase classname="day45parameterization.ParamTest" name="testlogo" time="0.028"/>
  <testcase classname="day45parameterization.ParamTest" name="testTitle" time="0.003"/>
  <testcase classname="day45parameterization.ParamTest" name="testURL" time="0.005"/>
</testsuite> <!-- FirefoxTest -->
