<?xml version="1.0" encoding="UTF-8"?>
<!-- Generated by org.testng.reporters.JUnitXMLReporter -->
<testsuite ignored="0" hostname="LAPTOP-GADLNPHV" failures="1" tests="3" name="Test" time="9.575" errors="0" timestamp="2026-01-01T21:29:03 IST">
  <testcase classname="day46testnglisteners.OrangeHRM" name="testLogo" time="0.059"/>
  <testcase classname="day46testnglisteners.OrangeHRM" name="testTitle" time="0.018">
    <failure type="java.lang.AssertionError" message="expected [Orage Hrm] but found [OrangeHRM]">
      <![CDATA[java.lang.AssertionError: expected [Orage Hrm] but found [OrangeHRM]
at day46testnglisteners.OrangeHRM.testTitle(OrangeHRM.java:38)
at java.base/java.util.ArrayList.forEach(ArrayList.java:1604)
... Removed 31 stack frames]]>
    </failure>
  </testcase> <!-- testTitle -->
  <testcase classname="day46testnglisteners.OrangeHRM" name="testURL" time="0.0">
    <skipped/>
  </testcase> <!-- testURL -->
</testsuite> <!-- Test -->
