<?xml version="1.0" encoding="UTF-8"?>
<!-- Generated by org.testng.reporters.JUnitXMLReporter -->
<testsuite ignored="0" hostname="LAPTOP-GADLNPHV" failures="0" tests="3" name="Test2" time="0.023" errors="0" timestamp="2025-12-29T16:17:17 IST">
  <testcase classname="day42testNG.AnnotationsTest" name="openapp" time="0.003"/>
  <testcase classname="day42testNG.AnnotationsTest" name="logout" time="0.002"/>
  <testcase classname="day42testNG.AnnotationsTest" name="login" time="0.001"/>
</testsuite> <!-- Test2 -->
