<?xml version="1.0" encoding="UTF-8"?>
<!-- Generated by org.testng.reporters.JUnitXMLReporter -->
<testsuite ignored="6" hostname="LAPTOP-GADLNPHV" failures="0" tests="3" name="Test" time="0.095" errors="0" timestamp="2025-12-30T16:31:49 IST">
  <testcase classname="day44dependencymethods.SignUpTests" name="signupByEmail" time="0.019"/>
  <testcase classname="day44dependencymethods.SignUpTests" name="signupByFacebook" time="0.002"/>
  <testcase classname="day44dependencymethods.SignUpTests" name="signupByTwitter" time="0.002"/>
  <testcase classname="day44dependencymethods.PaymentTests" name="paymentindollar" time="0.0">
    <ignored/>
  </testcase> <!-- paymentindollar -->
  <testcase classname="day44dependencymethods.LoginTests" name="loginByTwitter" time="0.0">
    <ignored/>
  </testcase> <!-- loginByTwitter -->
  <testcase classname="day44dependencymethods.LoginTests" name="loginByEmail" time="0.0">
    <ignored/>
  </testcase> <!-- loginByEmail -->
  <testcase classname="day44dependencymethods.PaymentTests" name="paymentindinar" time="0.0">
    <ignored/>
  </testcase> <!-- paymentindinar -->
  <testcase classname="day44dependencymethods.LoginTests" name="loginByFacebook" time="0.0">
    <ignored/>
  </testcase> <!-- loginByFacebook -->
  <testcase classname="day44dependencymethods.PaymentTests" name="paymentinrupees" time="0.0">
    <ignored/>
  </testcase> <!-- paymentinrupees -->
</testsuite> <!-- Test -->
