<?xml version="1.0" encoding="UTF-8"?>
<!-- Generated by org.testng.reporters.JUnitXMLReporter -->
<testsuite ignored="0" hostname="LAPTOP-GADLNPHV" failures="0" tests="4" name="Test1" time="8.123" errors="0" timestamp="2025-12-29T16:17:17 IST">
  <testcase classname="day42testNG.AnnotationDemo" name="openapp" time="5.12"/>
  <testcase classname="day42testNG.AnnotationDemo" name="login" time="0.81"/>
  <testcase classname="day42testNG.AnnotationDemo" name="logo" time="1.859"/>
  <testcase classname="day42testNG.AnnotationDemo" name="close" time="0.263"/>
</testsuite> <!-- Test1 -->
