<?xml version="1.0" encoding="UTF-8"?>
<!-- Generated by org.testng.reporters.JUnitReportReporter -->
<testsuite hostname="LAPTOP-GADLNPHV" failures="0" tests="3" name="day44dependencymethods.LoginTests" time="0.019" errors="0" timestamp="2025-12-30T16:29:24 IST" skipped="0">
  <testcase classname="day44dependencymethods.LoginTests" name="loginByEmail" time="0.015"/>
  <testcase classname="day44dependencymethods.LoginTests" name="loginByFacebook" time="0.002"/>
  <testcase classname="day44dependencymethods.LoginTests" name="loginByTwitter" time="0.002"/>
</testsuite> <!-- day44dependencymethods.LoginTests -->
