<?xml version="1.0" encoding="UTF-8"?>
<!-- Generated by org.testng.reporters.JUnitReportReporter -->
<testsuite hostname="LAPTOP-GADLNPHV" failures="0" tests="3" name="day44dependencymethods.SignUpTests" time="0.023" errors="0" timestamp="2025-12-30T16:31:49 IST" skipped="0">
  <testcase classname="day44dependencymethods.SignUpTests" name="signupByEmail" time="0.019"/>
  <testcase classname="day44dependencymethods.SignUpTests" name="signupByFacebook" time="0.002"/>
  <testcase classname="day44dependencymethods.SignUpTests" name="signupByTwitter" time="0.002"/>
</testsuite> <!-- day44dependencymethods.SignUpTests -->
