<?xml version="1.0" encoding="UTF-8"?>
<!-- Generated by org.testng.reporters.JUnitReportReporter -->
<testsuite hostname="LAPTOP-GADLNPHV" failures="0" tests="9" name="day45parameterization.ParamTest" time="0.152" errors="0" timestamp="2025-12-31T14:02:29 IST" skipped="0">
  <testcase classname="day45parameterization.ParamTest" name="testlogo" time="0.028"/>
  <testcase classname="day45parameterization.ParamTest" name="testlogo" time="0.044"/>
  <testcase classname="day45parameterization.ParamTest" name="testlogo" time="0.032"/>
  <testcase classname="day45parameterization.ParamTest" name="testTitle" time="0.009"/>
  <testcase classname="day45parameterization.ParamTest" name="testTitle" time="0.010"/>
  <testcase classname="day45parameterization.ParamTest" name="testTitle" time="0.003"/>
  <testcase classname="day45parameterization.ParamTest" name="testURL" time="0.015"/>
  <testcase classname="day45parameterization.ParamTest" name="testURL" time="0.006"/>
  <testcase classname="day45parameterization.ParamTest" name="testURL" time="0.005"/>
</testsuite> <!-- day45parameterization.ParamTest -->
