<?xml version="1.0" encoding="UTF-8"?>
<!-- Generated by org.testng.reporters.JUnitReportReporter -->
<testsuite hostname="LAPTOP-GADLNPHV" failures="0" tests="4" name="day42testNG.AnnotationDemo" time="8.052" errors="0" timestamp="2025-12-29T16:17:17 IST" skipped="0">
  <testcase classname="day42testNG.AnnotationDemo" name="openapp" time="5.120"/>
  <testcase classname="day42testNG.AnnotationDemo" name="login" time="0.810"/>
  <testcase classname="day42testNG.AnnotationDemo" name="logo" time="1.859"/>
  <testcase classname="day42testNG.AnnotationDemo" name="close" time="0.263"/>
</testsuite> <!-- day42testNG.AnnotationDemo -->
