<?xml version="1.0" encoding="UTF-8"?>
<!-- Generated by org.testng.reporters.JUnitReportReporter -->
<testsuite hostname="LAPTOP-GADLNPHV" failures="0" tests="3" name="day44dependencymethods.PaymentTests" time="0.020" errors="0" timestamp="2025-12-30T16:29:51 IST" skipped="0">
  <testcase classname="day44dependencymethods.PaymentTests" name="paymentinrupees" time="0.017"/>
  <testcase classname="day44dependencymethods.PaymentTests" name="paymentindollar" time="0.001"/>
  <testcase classname="day44dependencymethods.PaymentTests" name="paymentindinar" time="0.002"/>
</testsuite> <!-- day44dependencymethods.PaymentTests -->
