<?xml version="1.0" encoding="UTF-8"?>
<testng-results ignored="0" total="1" passed="1" failed="0" skipped="0">
  <reporter-output>
  </reporter-output>
  <suite started-at="2026-01-11T22:12:35 IST" name="Default suite" finished-at="2026-01-11T22:12:43 IST" duration-ms="8463">
    <groups>
    </groups>
    <test started-at="2026-01-11T22:12:35 IST" name="Default test" finished-at="2026-01-11T22:12:43 IST" duration-ms="8463">
      <class name="testCases.AccountRegistrationTest">
        <test-method is-config="true" signature="setup()[pri:0, instance:testCases.AccountRegistrationTest@32eff876]" started-at="2026-01-11T22:12:35 IST" name="setup" finished-at="2026-01-11T22:12:38 IST" duration-ms="2922" status="PASS">
          <reporter-output>
          </reporter-output>
        </test-method> <!-- setup -->
        <test-method signature="registerAcct()[pri:0, instance:testCases.AccountRegistrationTest@32eff876]" started-at="2026-01-11T22:12:38 IST" name="registerAcct" finished-at="2026-01-11T22:12:43 IST" duration-ms="5181" status="PASS">
          <reporter-output>
          </reporter-output>
        </test-method> <!-- registerAcct -->
        <test-method is-config="true" signature="tearDown()[pri:0, instance:testCases.AccountRegistrationTest@32eff876]" started-at="2026-01-11T22:12:43 IST" name="tearDown" finished-at="2026-01-11T22:12:43 IST" duration-ms="304" status="PASS">
          <reporter-output>
          </reporter-output>
        </test-method> <!-- tearDown -->
      </class> <!-- testCases.AccountRegistrationTest -->
    </test> <!-- Default test -->
  </suite> <!-- Default suite -->
</testng-results>
