<?xml version="1.0" encoding="UTF-8"?>
<testng-results ignored="0" total="3" passed="3" failed="0" skipped="0">
  <reporter-output>
  </reporter-output>
  <suite started-at="2026-01-12T22:43:42 IST" name="Suite" finished-at="2026-01-12T22:43:59 IST" duration-ms="17318">
    <groups>
    </groups>
    <test started-at="2026-01-12T22:43:42 IST" name="EdgeTest" finished-at="2026-01-12T22:43:51 IST" duration-ms="9819">
      <class name="testCases.TC001_AccountRegistrationTest">
        <test-method is-config="true" signature="setup(java.lang.String,java.lang.String)[pri:0, instance:testCases.TC001_AccountRegistrationTest@7efaad5a]" started-at="2026-01-12T22:43:42 IST" name="setup" finished-at="2026-01-12T22:43:45 IST" duration-ms="3176" status="PASS">
          <params>
            <param index="0">
              <value>
                <![CDATA[Windows]]>
              </value>
            </param>
            <param index="1">
              <value>
                <![CDATA[edge]]>
              </value>
            </param>
          </params>
          <reporter-output>
          </reporter-output>
        </test-method> <!-- setup -->
        <test-method signature="registerAcct()[pri:0, instance:testCases.TC001_AccountRegistrationTest@7efaad5a]" started-at="2026-01-12T22:43:45 IST" name="registerAcct" finished-at="2026-01-12T22:43:51 IST" duration-ms="5944" status="PASS">
          <reporter-output>
          </reporter-output>
        </test-method> <!-- registerAcct -->
        <test-method is-config="true" signature="tearDown()[pri:0, instance:testCases.TC001_AccountRegistrationTest@7efaad5a]" started-at="2026-01-12T22:43:51 IST" name="tearDown" finished-at="2026-01-12T22:43:51 IST" duration-ms="622" status="PASS">
          <reporter-output>
          </reporter-output>
        </test-method> <!-- tearDown -->
      </class> <!-- testCases.TC001_AccountRegistrationTest -->
    </test> <!-- EdgeTest -->
    <test started-at="2026-01-12T22:43:42 IST" name="ChromeTest" finished-at="2026-01-12T22:43:53 IST" duration-ms="10957">
      <class name="testCases.TC001_AccountRegistrationTest">
        <test-method is-config="true" signature="setup(java.lang.String,java.lang.String)[pri:0, instance:testCases.TC001_AccountRegistrationTest@54504ecd]" started-at="2026-01-12T22:43:42 IST" name="setup" finished-at="2026-01-12T22:43:46 IST" duration-ms="4214" status="PASS">
          <params>
            <param index="0">
              <value>
                <![CDATA[Windows]]>
              </value>
            </param>
            <param index="1">
              <value>
                <![CDATA[chrome]]>
              </value>
            </param>
          </params>
          <reporter-output>
          </reporter-output>
        </test-method> <!-- setup -->
        <test-method signature="registerAcct()[pri:0, instance:testCases.TC001_AccountRegistrationTest@54504ecd]" started-at="2026-01-12T22:43:46 IST" name="registerAcct" finished-at="2026-01-12T22:43:52 IST" duration-ms="5785" status="PASS">
          <reporter-output>
          </reporter-output>
        </test-method> <!-- registerAcct -->
        <test-method is-config="true" signature="tearDown()[pri:0, instance:testCases.TC001_AccountRegistrationTest@54504ecd]" started-at="2026-01-12T22:43:52 IST" name="tearDown" finished-at="2026-01-12T22:43:53 IST" duration-ms="884" status="PASS">
          <reporter-output>
          </reporter-output>
        </test-method> <!-- tearDown -->
      </class> <!-- testCases.TC001_AccountRegistrationTest -->
    </test> <!-- ChromeTest -->
    <test started-at="2026-01-12T22:43:42 IST" name="FirefoxTest" finished-at="2026-01-12T22:43:59 IST" duration-ms="17318">
      <class name="testCases.TC001_AccountRegistrationTest">
        <test-method is-config="true" signature="setup(java.lang.String,java.lang.String)[pri:0, instance:testCases.TC001_AccountRegistrationTest@ca30bc1]" started-at="2026-01-12T22:43:42 IST" name="setup" finished-at="2026-01-12T22:43:53 IST" duration-ms="11374" status="PASS">
          <params>
            <param index="0">
              <value>
                <![CDATA[Windows]]>
              </value>
            </param>
            <param index="1">
              <value>
                <![CDATA[firefox]]>
              </value>
            </param>
          </params>
          <reporter-output>
          </reporter-output>
        </test-method> <!-- setup -->
        <test-method signature="registerAcct()[pri:0, instance:testCases.TC001_AccountRegistrationTest@ca30bc1]" started-at="2026-01-12T22:43:53 IST" name="registerAcct" finished-at="2026-01-12T22:43:58 IST" duration-ms="4565" status="PASS">
          <reporter-output>
          </reporter-output>
        </test-method> <!-- registerAcct -->
        <test-method is-config="true" signature="tearDown()[pri:0, instance:testCases.TC001_AccountRegistrationTest@ca30bc1]" started-at="2026-01-12T22:43:58 IST" name="tearDown" finished-at="2026-01-12T22:43:59 IST" duration-ms="1335" status="PASS">
          <reporter-output>
          </reporter-output>
        </test-method> <!-- tearDown -->
      </class> <!-- testCases.TC001_AccountRegistrationTest -->
    </test> <!-- FirefoxTest -->
  </suite> <!-- Suite -->
</testng-results>
