<?xml version="1.0" encoding="UTF-8"?>
<!-- Generated by org.testng.reporters.JUnitReportReporter -->
<testsuite hostname="LAPTOP-GADLNPHV" failures="0" tests="3" name="testCases.TC001_AccountRegistrationTest" time="16.294" errors="0" timestamp="2026-01-12T22:43:59 IST" skipped="0">
  <testcase classname="testCases.TC001_AccountRegistrationTest" name="registerAcct" time="5.785"/>
  <testcase classname="testCases.TC001_AccountRegistrationTest" name="registerAcct" time="5.944"/>
  <testcase classname="testCases.TC001_AccountRegistrationTest" name="registerAcct" time="4.565"/>
</testsuite> <!-- testCases.TC001_AccountRegistrationTest -->
