<?xml version="1.0" encoding="UTF-8"?>
<!-- Generated by org.testng.reporters.JUnitXMLReporter -->
<testsuite ignored="0" hostname="LAPTOP-GADLNPHV" failures="0" tests="3" name="Default test" time="0.089" errors="0" timestamp="2025-12-30T16:15:12 IST">
  <testcase classname="day44dependencymethods.SignUpTests" name="signupByEmail" time="0.016"/>
  <testcase classname="day44dependencymethods.SignUpTests" name="signupByFacebook" time="0.003"/>
  <testcase classname="day44dependencymethods.SignUpTests" name="signupByTwitter" time="0.002"/>
</testsuite> <!-- Default test -->
