<?xml version="1.0" encoding="UTF-8"?>
<testng-results ignored="0" total="1" passed="1" failed="0" skipped="0">
  <reporter-output>
  </reporter-output>
  <suite started-at="2026-01-02T19:22:14 IST" name="Suite" finished-at="2026-01-02T19:22:22 IST" duration-ms="8379">
    <groups>
    </groups>
    <test started-at="2026-01-02T19:22:14 IST" name="Test" finished-at="2026-01-02T19:22:22 IST" duration-ms="8379">
      <class name="day47pom.LoginTest">
        <test-method is-config="true" signature="setup()[pri:0, instance:day47pom.LoginTest@74e52303]" started-at="2026-01-02T19:22:14 IST" name="setup" finished-at="2026-01-02T19:22:22 IST" duration-ms="7971" status="PASS">
          <reporter-output>
          </reporter-output>
        </test-method> <!-- setup -->
        <test-method signature="loginmethod()[pri:0, instance:day47pom.LoginTest@74e52303]" started-at="2026-01-02T19:22:22 IST" name="loginmethod" finished-at="2026-01-02T19:22:22 IST" duration-ms="229" status="PASS">
          <reporter-output>
          </reporter-output>
        </test-method> <!-- loginmethod -->
        <test-method is-config="true" signature="tearDown()[pri:0, instance:day47pom.LoginTest@74e52303]" started-at="2026-01-02T19:22:22 IST" name="tearDown" finished-at="2026-01-02T19:22:22 IST" duration-ms="154" status="PASS">
          <reporter-output>
          </reporter-output>
        </test-method> <!-- tearDown -->
      </class> <!-- day47pom.LoginTest -->
    </test> <!-- Test -->
  </suite> <!-- Suite -->
</testng-results>
