<?xml version="1.0" encoding="UTF-8"?>
<testng-results ignored="6" total="9" passed="3" failed="0" skipped="0">
  <reporter-output>
  </reporter-output>
  <suite started-at="2025-12-30T16:31:49 IST" name="Suite" finished-at="2025-12-30T16:31:49 IST" duration-ms="95">
    <groups>
      <group name="functional">
        <method signature="SignUpTests.signupByEmail()[pri:1, instance:day44dependencymethods.SignUpTests@188715b5]" name="signupByEmail" class="day44dependencymethods.SignUpTests"/>
        <method signature="SignUpTests.signupByFacebook()[pri:2, instance:day44dependencymethods.SignUpTests@188715b5]" name="signupByFacebook" class="day44dependencymethods.SignUpTests"/>
        <method signature="SignUpTests.signupByTwitter()[pri:3, instance:day44dependencymethods.SignUpTests@188715b5]" name="signupByTwitter" class="day44dependencymethods.SignUpTests"/>
      </group> <!-- functional -->
      <group name="regression">
        <method signature="SignUpTests.signupByEmail()[pri:1, instance:day44dependencymethods.SignUpTests@188715b5]" name="signupByEmail" class="day44dependencymethods.SignUpTests"/>
        <method signature="SignUpTests.signupByFacebook()[pri:2, instance:day44dependencymethods.SignUpTests@188715b5]" name="signupByFacebook" class="day44dependencymethods.SignUpTests"/>
        <method signature="SignUpTests.signupByTwitter()[pri:3, instance:day44dependencymethods.SignUpTests@188715b5]" name="signupByTwitter" class="day44dependencymethods.SignUpTests"/>
      </group> <!-- regression -->
      <group name="sanity">
        <method signature="SignUpTests.signupByEmail()[pri:1, instance:day44dependencymethods.SignUpTests@188715b5]" name="signupByEmail" class="day44dependencymethods.SignUpTests"/>
        <method signature="SignUpTests.signupByFacebook()[pri:2, instance:day44dependencymethods.SignUpTests@188715b5]" name="signupByFacebook" class="day44dependencymethods.SignUpTests"/>
        <method signature="SignUpTests.signupByTwitter()[pri:3, instance:day44dependencymethods.SignUpTests@188715b5]" name="signupByTwitter" class="day44dependencymethods.SignUpTests"/>
      </group> <!-- sanity -->
    </groups>
    <test started-at="2025-12-30T16:31:49 IST" name="Test" finished-at="2025-12-30T16:31:49 IST" duration-ms="95">
      <class name="day44dependencymethods.SignUpTests">
        <test-method signature="signupByEmail()[pri:1, instance:day44dependencymethods.SignUpTests@188715b5]" started-at="2025-12-30T16:31:49 IST" name="signupByEmail" finished-at="2025-12-30T16:31:49 IST" duration-ms="19" status="PASS">
          <reporter-output>
          </reporter-output>
        </test-method> <!-- signupByEmail -->
        <test-method signature="signupByFacebook()[pri:2, instance:day44dependencymethods.SignUpTests@188715b5]" started-at="2025-12-30T16:31:49 IST" name="signupByFacebook" finished-at="2025-12-30T16:31:49 IST" duration-ms="2" status="PASS">
          <reporter-output>
          </reporter-output>
        </test-method> <!-- signupByFacebook -->
        <test-method signature="signupByTwitter()[pri:3, instance:day44dependencymethods.SignUpTests@188715b5]" started-at="2025-12-30T16:31:49 IST" name="signupByTwitter" finished-at="2025-12-30T16:31:49 IST" duration-ms="2" status="PASS">
          <reporter-output>
          </reporter-output>
        </test-method> <!-- signupByTwitter -->
      </class> <!-- day44dependencymethods.SignUpTests -->
    </test> <!-- Test -->
  </suite> <!-- Suite -->
</testng-results>
