<?xml version="1.0" encoding="UTF-8"?>
<!-- Generated by org.testng.reporters.JUnitXMLReporter -->
<testsuite ignored="0" hostname="LAPTOP-GADLNPHV" failures="1" tests="1" name="Test" time="10.414" errors="0" timestamp="2026-01-12T22:43:10 IST">
  <testcase classname="testCases.TC001_AccountRegistrationTest" name="registerAcct" time="5.433">
    <failure type="java.lang.AssertionError" message="expected [true] but found [false]">
      <![CDATA[java.lang.AssertionError: expected [true] but found [false]
at testCases.TC001_AccountRegistrationTest.registerAcct(TC001_AccountRegistrationTest.java:51)
at java.base/java.util.ArrayList.forEach(ArrayList.java:1604)
... Removed 29 stack frames]]>
    </failure>
  </testcase> <!-- registerAcct -->
</testsuite> <!-- Test -->
